<?xml version="1.0" encoding="UTF-8"?>
<!-- Generated by org.testng.reporters.JUnitXMLReporter -->
<testsuite ignored="0" hostname="DESKTOP-TNVPDVL" failures="0" tests="3" name="Default test" time="64.138" errors="0" timestamp="2023-03-24T14:53:59 IST">
  <testcase classname="com.orange.test.PIM" name="TC1_CreateEmployee" time="11.132"/>
  <testcase classname="com.orange.test.PIM" name="TC1_CreateEmployee" time="8.434"/>
  <testcase classname="com.orange.test.PIM" name="TC1_CreateEmployee" time="7.008"/>
</testsuite> <!-- Default test -->
